{"ts":1712173881898,"action":"PROJECT_OPENED","tags":{"PROJECT_NAME":"java-vjezba2"}}
{"ts":1712173884412,"action":"FILE_OPENED","file":"/src/Main.java","tags":{"FILE_LINE_OF_CODE":"5"}}
{"ts":1712173892638,"action":"IDE_DEACTIVATED"}
{"ts":1712173893847,"action":"IDE_ACTIVATED"}
{"ts":1712173900261,"action":"IDE_DEACTIVATED"}
{"ts":1712173924408,"action":"IDE_ACTIVATED"}
{"ts":1712173999204,"action":"IDE_DEACTIVATED"}
{"ts":1712174020453,"action":"IDE_ACTIVATED"}
{"ts":1712174050239,"action":"IDE_DEACTIVATED"}
{"ts":1712174057420,"action":"IDE_ACTIVATED"}
{"ts":1712174059161,"action":"IDE_DEACTIVATED"}
{"ts":1712174060079,"action":"IDE_ACTIVATED"}
{"ts":1712174132319,"action":"IDE_DEACTIVATED"}
{"ts":1712174134580,"action":"IDE_ACTIVATED"}
{"ts":1712174135643,"action":"IDE_DEACTIVATED"}
{"ts":1712174137315,"action":"IDE_ACTIVATED"}
{"ts":1712174138476,"action":"IDE_DEACTIVATED"}
{"ts":1712174142370,"action":"IDE_ACTIVATED"}
{"ts":1712174143734,"action":"IDE_DEACTIVATED"}
{"ts":1712174145363,"action":"IDE_ACTIVATED"}
{"ts":1712174146191,"action":"IDE_DEACTIVATED"}
{"ts":1712174147843,"action":"IDE_ACTIVATED"}
{"ts":1712174149200,"action":"IDE_DEACTIVATED"}
{"ts":1712174153042,"action":"IDE_ACTIVATED"}
{"ts":1712174157581,"action":"IDE_DEACTIVATED"}
{"ts":1712174159629,"action":"IDE_ACTIVATED"}
{"ts":1712174383201,"action":"IDE_DEACTIVATED"}
{"ts":1712174409900,"action":"IDE_ACTIVATED"}
{"ts":1712174416329,"action":"IDE_DEACTIVATED"}
{"ts":1712174427565,"action":"IDE_ACTIVATED"}
{"ts":1712174428155,"action":"IDE_DEACTIVATED"}
{"ts":1712174434653,"action":"IDE_ACTIVATED"}
{"ts":1712174546312,"action":"IDE_DEACTIVATED"}
{"ts":1712174555328,"action":"IDE_ACTIVATED"}
{"ts":1712174618345,"action":"IDE_DEACTIVATED"}
{"ts":1712174626506,"action":"IDE_ACTIVATED"}
{"ts":1712174727485,"action":"IDE_DEACTIVATED"}
{"ts":1712174777105,"action":"IDE_ACTIVATED"}
{"ts":1712174796123,"action":"IDE_DEACTIVATED"}
{"ts":1712174892507,"action":"IDE_ACTIVATED"}
{"ts":1712174974939,"action":"IDE_DEACTIVATED"}
{"ts":1712175093427,"action":"IDE_ACTIVATED"}
{"ts":1712175098247,"action":"IDE_DEACTIVATED"}
{"ts":1712175098452,"action":"PROJECT_CLOSED","tags":{"PROJECT_NAME":"java-vjezba2"}}
